Sep-23 14:56:10.381 [main] DEBUG nextflow.cli.Launcher - $> nextflow run main.nf --sample BIDI_mpox_case2_hybrid_APHLproject_work_20250923_103207_DQ011155.1 --nextclade_json nextclade.json --gff sequence.gff3
Sep-23 14:56:10.461 [main] DEBUG nextflow.cli.CmdRun - N E X T F L O W  ~  version 25.04.7
Sep-23 14:56:10.484 [main] DEBUG nextflow.plugin.PluginsFacade - Setting up plugin manager > mode=prod; embedded=false; plugins-dir=/home/cdcadmin/.nextflow/plugins; core-plugins: nf-amazon@2.15.0-patch1,nf-azure@1.16.0-patch1,nf-cloudcache@0.4.3,nf-codecommit@0.2.3,nf-console@1.2.1,nf-google@1.21.1,nf-k8s@1.0.0,nf-tower@1.11.4-patch1,nf-wave@1.12.1
Sep-23 14:56:10.505 [main] INFO  o.pf4j.DefaultPluginStatusProvider - Enabled plugins: []
Sep-23 14:56:10.506 [main] INFO  o.pf4j.DefaultPluginStatusProvider - Disabled plugins: []
Sep-23 14:56:10.509 [main] INFO  org.pf4j.DefaultPluginManager - PF4J version 3.12.0 in 'deployment' mode
Sep-23 14:56:10.520 [main] INFO  org.pf4j.AbstractPluginManager - No plugins
Sep-23 14:56:10.556 [main] DEBUG nextflow.config.ConfigBuilder - Found config local: /home/cdcadmin/Downloads/frameshift-check/nextflow.config
Sep-23 14:56:10.559 [main] DEBUG nextflow.config.ConfigBuilder - Parsing config file: /home/cdcadmin/Downloads/frameshift-check/nextflow.config
Sep-23 14:56:10.589 [main] DEBUG n.secret.LocalSecretsProvider - Secrets store: /home/cdcadmin/.nextflow/secrets/store.json
Sep-23 14:56:10.592 [main] DEBUG nextflow.secret.SecretsLoader - Discovered secrets providers: [nextflow.secret.LocalSecretsProvider@1f12e153] - activable => nextflow.secret.LocalSecretsProvider@1f12e153
Sep-23 14:56:10.605 [main] DEBUG nextflow.config.ConfigBuilder - Applying config profile: `standard`
Sep-23 14:56:11.115 [main] DEBUG nextflow.cli.CmdRun - Applied DSL=2 from script declaration
Sep-23 14:56:11.132 [main] DEBUG nextflow.cli.CmdRun - Launching `main.nf` [stupefied_ramanujan] DSL2 - revision: 0ed8ebc744
Sep-23 14:56:11.134 [main] DEBUG nextflow.plugin.PluginsFacade - Plugins default=[]
Sep-23 14:56:11.134 [main] DEBUG nextflow.plugin.PluginsFacade - Plugins resolved requirement=[]
Sep-23 14:56:11.186 [main] DEBUG nextflow.Session - Session UUID: c87d32d8-bf74-4062-bd99-992f117d410c
Sep-23 14:56:11.187 [main] DEBUG nextflow.Session - Run name: stupefied_ramanujan
Sep-23 14:56:11.187 [main] DEBUG nextflow.Session - Executor pool size: 128
Sep-23 14:56:11.195 [main] DEBUG nextflow.file.FilePorter - File porter settings maxRetries=3; maxTransfers=50; pollTimeout=null
Sep-23 14:56:11.200 [main] DEBUG nextflow.util.ThreadPoolBuilder - Creating thread pool 'FileTransfer' minSize=10; maxSize=384; workQueue=LinkedBlockingQueue[-1]; allowCoreThreadTimeout=false
Sep-23 14:56:11.219 [main] DEBUG nextflow.cli.CmdRun - 
  Version: 25.04.7 build 5955
  Created: 08-09-2025 13:29 UTC (20:29 ICST)
  System: Linux 5.15.0-1086-nvidia
  Runtime: Groovy 4.0.26 on OpenJDK 64-Bit Server VM 17.0.10+7
  Encoding: UTF-8 (UTF-8)
  Process: 3951984@cdcadmin [127.0.1.1]
  CPUs: 128 - Mem: 503.7 GB (164.8 GB) - Swap: 8 GB (7.9 GB)
Sep-23 14:56:11.243 [main] DEBUG nextflow.Session - Work-dir: /home/cdcadmin/Downloads/frameshift-check/work [ext2/ext3]
Sep-23 14:56:11.244 [main] DEBUG nextflow.Session - Script base path does not exist or is not a directory: /home/cdcadmin/Downloads/frameshift-check/bin
Sep-23 14:56:11.252 [main] DEBUG nextflow.executor.ExecutorFactory - Extension executors providers=[]
Sep-23 14:56:11.261 [main] DEBUG nextflow.Session - Observer factory: DefaultObserverFactory
Sep-23 14:56:11.266 [main] DEBUG nextflow.Session - Observer factory (v2): LinObserverFactory
Sep-23 14:56:11.292 [main] DEBUG nextflow.cache.CacheFactory - Using Nextflow cache factory: nextflow.cache.DefaultCacheFactory
Sep-23 14:56:11.307 [main] DEBUG nextflow.util.CustomThreadPool - Creating default thread pool > poolSize: 129; maxThreads: 1000
Sep-23 14:56:11.353 [main] DEBUG nextflow.Session - Session start
Sep-23 14:56:11.919 [main] DEBUG nextflow.script.ScriptRunner - > Launching execution
Sep-23 14:56:12.015 [main] DEBUG nextflow.script.ProcessConfig - Config settings `withName:EnsureDeps` matches process EnsureDeps
Sep-23 14:56:12.021 [main] DEBUG nextflow.executor.ExecutorFactory - << taskConfig executor: local
Sep-23 14:56:12.021 [main] DEBUG nextflow.executor.ExecutorFactory - >> processorType: 'local'
Sep-23 14:56:12.026 [main] DEBUG nextflow.executor.Executor - [warm up] executor > local
Sep-23 14:56:12.032 [main] DEBUG n.processor.LocalPollingMonitor - Creating local task monitor for executor 'local' > cpus=128; memory=503.7 GB; capacity=128; pollInterval=100ms; dumpInterval=5m
Sep-23 14:56:12.034 [main] DEBUG n.processor.TaskPollingMonitor - >>> barrier register (monitor: local)
Sep-23 14:56:12.060 [main] DEBUG nextflow.processor.TaskProcessor - Creating process 'EnsureDeps': maxForks=0; fair=false; array=0
Sep-23 14:56:12.115 [main] DEBUG nextflow.script.ProcessConfig - Config settings `withName:FilterNextcladeForSample` matches process FilterNextcladeForSample
Sep-23 14:56:12.120 [main] DEBUG nextflow.executor.ExecutorFactory - << taskConfig executor: local
Sep-23 14:56:12.121 [main] DEBUG nextflow.executor.ExecutorFactory - >> processorType: 'local'
Sep-23 14:56:12.123 [main] DEBUG nextflow.processor.TaskProcessor - Creating process 'FilterNextcladeForSample': maxForks=0; fair=false; array=0
Sep-23 14:56:12.133 [main] DEBUG nextflow.script.ProcessConfig - Config settings `withName:MakeCdsBed` matches process MakeCdsBed
Sep-23 14:56:12.134 [main] DEBUG nextflow.executor.ExecutorFactory - << taskConfig executor: local
Sep-23 14:56:12.134 [main] DEBUG nextflow.executor.ExecutorFactory - >> processorType: 'local'
Sep-23 14:56:12.136 [main] DEBUG nextflow.processor.TaskProcessor - Creating process 'MakeCdsBed': maxForks=0; fair=false; array=0
Sep-23 14:56:12.162 [main] DEBUG nextflow.script.ProcessConfig - Config settings `withName:IndelsToBeds` matches process IndelsToBeds
Sep-23 14:56:12.163 [main] DEBUG nextflow.executor.ExecutorFactory - << taskConfig executor: local
Sep-23 14:56:12.163 [main] DEBUG nextflow.executor.ExecutorFactory - >> processorType: 'local'
Sep-23 14:56:12.164 [main] DEBUG nextflow.processor.TaskProcessor - Creating process 'IndelsToBeds': maxForks=0; fair=false; array=0
Sep-23 14:56:12.172 [main] DEBUG nextflow.script.ProcessConfig - Config settings `withName:VerifyFrameshifts` matches process VerifyFrameshifts
Sep-23 14:56:12.173 [main] DEBUG nextflow.executor.ExecutorFactory - << taskConfig executor: local
Sep-23 14:56:12.173 [main] DEBUG nextflow.executor.ExecutorFactory - >> processorType: 'local'
Sep-23 14:56:12.174 [main] DEBUG nextflow.processor.TaskProcessor - Creating process 'VerifyFrameshifts': maxForks=0; fair=false; array=0
Sep-23 14:56:12.179 [main] DEBUG nextflow.Session - Workflow process names [dsl2]: IndelsToBeds, MapIllumina, FilterNextcladeForSample, EnsureDeps, MapONT, VerifyFrameshifts, CallONT, MakeCdsBed, CallIllumina
Sep-23 14:56:12.185 [main] DEBUG nextflow.Session - Igniting dataflow network (14)
Sep-23 14:56:12.190 [main] DEBUG nextflow.processor.TaskProcessor - Starting process > EnsureDeps
Sep-23 14:56:12.191 [main] DEBUG nextflow.processor.TaskProcessor - Starting process > FilterNextcladeForSample
Sep-23 14:56:12.191 [main] DEBUG nextflow.processor.TaskProcessor - Starting process > MakeCdsBed
Sep-23 14:56:12.192 [main] DEBUG nextflow.processor.TaskProcessor - Starting process > IndelsToBeds
Sep-23 14:56:12.192 [main] DEBUG nextflow.processor.TaskProcessor - Starting process > VerifyFrameshifts
Sep-23 14:56:12.193 [main] DEBUG nextflow.script.ScriptRunner - Parsed script files:
  Script_9f2ac451d0d055ff: /home/cdcadmin/Downloads/frameshift-check/main.nf
Sep-23 14:56:12.193 [main] DEBUG nextflow.script.ScriptRunner - > Awaiting termination 
Sep-23 14:56:12.193 [main] DEBUG nextflow.Session - Session await
Sep-23 14:56:12.253 [Actor Thread 21] DEBUG nextflow.util.HashBuilder - Unable to get file attributes file: /home/cdcadmin/Downloads/frameshift-check/NO_FILE -- Cause: java.nio.file.NoSuchFileException: /home/cdcadmin/Downloads/frameshift-check/NO_FILE
Sep-23 14:56:12.254 [Actor Thread 21] DEBUG nextflow.util.HashBuilder - Unable to get file attributes file: /home/cdcadmin/Downloads/frameshift-check/NO_FILE -- Cause: java.nio.file.NoSuchFileException: /home/cdcadmin/Downloads/frameshift-check/NO_FILE
Sep-23 14:56:12.309 [Task submitter] DEBUG n.executor.local.LocalTaskHandler - Launch cmd line: /bin/bash -ue .command.run
Sep-23 14:56:12.311 [Task submitter] INFO  nextflow.Session - [09/e7da33] Submitted process > MakeCdsBed (gff_to_bed)
Sep-23 14:56:12.319 [Task submitter] DEBUG n.executor.local.LocalTaskHandler - Launch cmd line: /bin/bash -ue .command.run
Sep-23 14:56:12.320 [Task submitter] INFO  nextflow.Session - [8b/01a0f9] Submitted process > EnsureDeps (check_deps)
Sep-23 14:56:12.328 [Task submitter] DEBUG n.executor.local.LocalTaskHandler - Launch cmd line: /bin/bash -ue .command.run
Sep-23 14:56:12.329 [Task submitter] INFO  nextflow.Session - [93/e0457e] Submitted process > IndelsToBeds (indels_to_bed)
Sep-23 14:56:12.334 [Task submitter] DEBUG n.executor.local.LocalTaskHandler - Launch cmd line: /bin/bash -ue .command.run
Sep-23 14:56:12.335 [Task submitter] INFO  nextflow.Session - [ff/237640] Submitted process > FilterNextcladeForSample (BIDI_mpox_case2_hybrid_APHLproject_work_20250923_103207_DQ011155.1)
Sep-23 14:56:12.338 [Task monitor] DEBUG n.processor.TaskPollingMonitor - Task completed > TaskHandler[id: 3; name: MakeCdsBed (gff_to_bed); status: COMPLETED; exit: 0; error: -; workDir: /home/cdcadmin/Downloads/frameshift-check/work/09/e7da330e85b6cddc584e70493f8e9f]
Sep-23 14:56:12.338 [Task monitor] DEBUG nextflow.util.ThreadPoolBuilder - Creating thread pool 'TaskFinalizer' minSize=10; maxSize=384; workQueue=LinkedBlockingQueue[-1]; allowCoreThreadTimeout=false
Sep-23 14:56:12.340 [Task monitor] DEBUG n.processor.TaskPollingMonitor - Task completed > TaskHandler[id: 2; name: EnsureDeps (check_deps); status: COMPLETED; exit: 0; error: -; workDir: /home/cdcadmin/Downloads/frameshift-check/work/8b/01a0f9828e691850a994fdc3f5987b]
Sep-23 14:56:12.346 [Task monitor] DEBUG n.processor.TaskPollingMonitor - Task completed > TaskHandler[id: 4; name: IndelsToBeds (indels_to_bed); status: COMPLETED; exit: 0; error: -; workDir: /home/cdcadmin/Downloads/frameshift-check/work/93/e0457e1b76b74e0608143e6b08a9d3]
Sep-23 14:56:12.705 [Task monitor] DEBUG n.processor.TaskPollingMonitor - Task completed > TaskHandler[id: 1; name: FilterNextcladeForSample (BIDI_mpox_case2_hybrid_APHLproject_work_20250923_103207_DQ011155.1); status: COMPLETED; exit: 1; error: -; workDir: /home/cdcadmin/Downloads/frameshift-check/work/ff/2376408f36d6c8db827a37fcf82ff8]
Sep-23 14:56:12.710 [TaskFinalizer-4] DEBUG nextflow.processor.TaskProcessor - Handling unexpected condition for
  task: name=FilterNextcladeForSample (BIDI_mpox_case2_hybrid_APHLproject_work_20250923_103207_DQ011155.1); work-dir=/home/cdcadmin/Downloads/frameshift-check/work/ff/2376408f36d6c8db827a37fcf82ff8
  error [nextflow.exception.ProcessFailedException]: Process `FilterNextcladeForSample (BIDI_mpox_case2_hybrid_APHLproject_work_20250923_103207_DQ011155.1)` terminated with an error exit status (1)
Sep-23 14:56:12.724 [TaskFinalizer-4] ERROR nextflow.processor.TaskProcessor - Error executing process > 'FilterNextcladeForSample (BIDI_mpox_case2_hybrid_APHLproject_work_20250923_103207_DQ011155.1)'

Caused by:
  Process `FilterNextcladeForSample (BIDI_mpox_case2_hybrid_APHLproject_work_20250923_103207_DQ011155.1)` terminated with an error exit status (1)


Command executed:

  set -euo pipefail
  
        # 1) Pull single result by seqName
        jq --arg SAMPLE "BIDI_mpox_case2_hybrid_APHLproject_work_20250923_103207_DQ011155.1" '
          .results
          | map(select(.seqName == $SAMPLE))
          | if length==1 then .[0] else empty end
        ' nextclade.json > nextclade_sample_summary.json || true
  
        if [ ! -s nextclade_sample_summary.json ]; then
          echo "FATAL: Sample \"BIDI_mpox_case2_hybrid_APHLproject_work_20250923_103207_DQ011155.1\" not found in nextclade.json" >&2
          echo '{}' > nextclade_sample_summary.json
          echo "sample,kind,detail" > private_mutations.csv
          printf "# Nextclade summary\n\nSample %s not found in %s\n" "BIDI_mpox_case2_hybrid_APHLproject_work_20250923_103207_DQ011155.1" "nextclade.json" > nextclade_summary.md
          exit 0
        fi
  
        # 2) Extract private mutations (nuc + aa) into CSV
        python3 - <<'PY'
  import json, csv
  d=json.load(open("nextclade_sample_summary.json"))
  rows=[]
  s=d.get("seqName","")
  pn=d.get("privateNucMutations",{}) or {}
  pa=d.get("privateAaMutations",{}) or {}
  
  def add(kind, txt):
      rows.append({"sample":s,"kind":kind,"detail":txt})
  
  for k in ("privateSubstitutions","privateDeletions","privateDeletionRanges","reversionSubstitutions","labeledSubstitutions","unlabeledSubstitutions"):
      for v in pn.get(k,[]):
          add("nuc:"+k, str(v))
  
  for cds,blk in (pa.items() if isinstance(pa,dict) else []):
      for k in ("privateSubstitutions","privateDeletions","privateDeletionRanges","reversionSubstitutions","labeledSubstitutions","unlabeledSubstitutions"):
          for v in blk.get(k,[]):
              add("aa:"+cds+":"+k, str(v))
  
  with open("private_mutations.csv","w",newline="") as f:
      w=csv.DictWriter(f,fieldnames=["sample","kind","detail"])
      w.writeheader()
      w.writerows(rows)
  PY
  
        # 3) Build a concise Markdown summary (frameshifts, stops)
        python3 - <<'PY' > nextclade_summary.md
  import json
  d=json.load(open("nextclade_sample_summary.json"))
  s=d.get("seqName","<unknown>")
  fs=(d.get("frameShifts",{}) or {}).get("frameShifts",[]) or []
  st=(d.get("stopCodons",{}) or {}).get("stopCodons",[]) or []
  aa=d.get("aaSubstitutions",[]) or []
  aa_stops=[x for x in aa if x.get("qryAa")=="*"]
  
  print(f"# Nextclade summary for {s}\n")
  print("## Frameshifts")
  if not fs:
      print("- none")
  else:
      for f in fs:
          cds=f.get("cdsName","?")
          codon=f.get("codon",{})
          print(f"- {cds}: codons {codon.get('begin')}â€“{codon.get('end')}")
  
  print("\n## Premature stop codons")
  if not st and not aa_stops:
      print("- none")
  else:
      for e in st:
          print(f"- {e.get('cdsName','?')} at codon {e.get('codon')}")
      for e in aa_stops:
          print(f"- {e.get('cdsName','?')} at codon {e.get('pos')} (AA *) via aaSubstitution)")
  
  print("\n## Private mutations")
  print("- see `private_mutations.csv`")
  PY

Command exit status:
  1

Command output:
  (empty)

Command error:
  Traceback (most recent call last):
    File "<stdin>", line 4, in <module>
  AttributeError: 'list' object has no attribute 'get'

Work dir:
  /home/cdcadmin/Downloads/frameshift-check/work/ff/2376408f36d6c8db827a37fcf82ff8

Tip: when you have fixed the problem you can continue the execution adding the option `-resume` to the run command line
Sep-23 14:56:12.728 [TaskFinalizer-4] DEBUG nextflow.Session - Session aborted -- Cause: Process `FilterNextcladeForSample (BIDI_mpox_case2_hybrid_APHLproject_work_20250923_103207_DQ011155.1)` terminated with an error exit status (1)
Sep-23 14:56:12.730 [main] DEBUG nextflow.Session - Session await > all processes finished
Sep-23 14:56:12.743 [main] DEBUG nextflow.Session - Session await > all barriers passed
Sep-23 14:56:12.743 [Task monitor] DEBUG n.processor.TaskPollingMonitor - <<< barrier arrives (monitor: local) - terminating tasks monitor poll loop
Sep-23 14:56:12.748 [main] DEBUG n.trace.WorkflowStatsObserver - Workflow completed > WorkflowStats[succeededCount=3; failedCount=1; ignoredCount=0; cachedCount=0; pendingCount=0; submittedCount=0; runningCount=0; retriesCount=0; abortedCount=0; succeedDuration=7ms; failedDuration=358ms; cachedDuration=0ms;loadCpus=0; loadMemory=0; peakRunning=4; peakCpus=4; peakMemory=0; ]
Sep-23 14:56:12.938 [main] DEBUG nextflow.cache.CacheDB - Closing CacheDB done
Sep-23 14:56:12.948 [main] DEBUG nextflow.script.ScriptRunner - > Execution complete -- Goodbye
